0 info it worked if it ends with ok
1 verbose cli [ '/Users/justinventuri/.nvm/versions/node/v6.11.3/bin/node',
1 verbose cli   '/Users/justinventuri/.nvm/versions/node/v6.11.3/bin/npm',
1 verbose cli   'run',
1 verbose cli   'foo' ]
2 info using npm@3.10.10
3 info using node@v6.11.3
4 verbose stack Error: missing script: foo
4 verbose stack     at run (/Users/justinventuri/.nvm/versions/node/v6.11.3/lib/node_modules/npm/lib/run-script.js:151:19)
4 verbose stack     at /Users/justinventuri/.nvm/versions/node/v6.11.3/lib/node_modules/npm/lib/run-script.js:61:5
4 verbose stack     at /Users/justinventuri/.nvm/versions/node/v6.11.3/lib/node_modules/npm/node_modules/read-package-json/read-json.js:356:5
4 verbose stack     at checkBinReferences_ (/Users/justinventuri/.nvm/versions/node/v6.11.3/lib/node_modules/npm/node_modules/read-package-json/read-json.js:320:45)
4 verbose stack     at final (/Users/justinventuri/.nvm/versions/node/v6.11.3/lib/node_modules/npm/node_modules/read-package-json/read-json.js:354:3)
4 verbose stack     at then (/Users/justinventuri/.nvm/versions/node/v6.11.3/lib/node_modules/npm/node_modules/read-package-json/read-json.js:124:5)
4 verbose stack     at /Users/justinventuri/.nvm/versions/node/v6.11.3/lib/node_modules/npm/node_modules/read-package-json/read-json.js:311:12
4 verbose stack     at /Users/justinventuri/.nvm/versions/node/v6.11.3/lib/node_modules/npm/node_modules/graceful-fs/graceful-fs.js:78:16
4 verbose stack     at tryToString (fs.js:457:3)
4 verbose stack     at FSReqWrap.readFileAfterClose [as oncomplete] (fs.js:444:12)
5 verbose cwd /Users/justinventuri/Code/Eric/neerja
6 error Darwin 17.5.0
7 error argv "/Users/justinventuri/.nvm/versions/node/v6.11.3/bin/node" "/Users/justinventuri/.nvm/versions/node/v6.11.3/bin/npm" "run" "foo"
8 error node v6.11.3
9 error npm  v3.10.10
10 error missing script: foo
11 error If you need help, you may report this error at:
11 error     <https://github.com/npm/npm/issues>
12 verbose exit [ 1, true ]
