{"level":"info","message":"Starting botpress version 1.1.10","timestamp":"2017-11-11T17:01:19.601Z"}
{"level":"verbose","message":"[UMM] Enabled for web","timestamp":"2017-11-11T17:01:19.892Z"}
{"level":"info","message":"Loaded botpress-web, version 1.2.3","timestamp":"2017-11-11T17:01:19.892Z"}
{"level":"info","message":"Loaded 1 modules","timestamp":"2017-11-11T17:01:19.892Z"}
{"level":"debug","message":"Loading middleware: UMM.instrumentation","timestamp":"2017-11-11T17:01:19.905Z"}
{"level":"debug","message":"Loading middleware: hear","timestamp":"2017-11-11T17:01:19.905Z"}
{"level":"debug","message":"Loading middleware: conversations","timestamp":"2017-11-11T17:01:19.906Z"}
{"level":"debug","message":"Loading middleware: web.sendMessages","timestamp":"2017-11-11T17:01:19.906Z"}
{"level":"debug","message":"Loading middleware: fallback","timestamp":"2017-11-11T17:01:19.907Z"}
{"level":"info","message":"\u001b[32m\u001b[1mBot launched. Visit: http://localhost:3000\u001b[22m\u001b[39m","timestamp":"2017-11-11T17:01:20.003Z"}
{"level":"info","message":"Installing modules: botpress-analytics","timestamp":"2017-11-11T17:01:36.315Z"}
{"level":"error","message":"npm","timestamp":"2017-11-11T17:01:42.601Z"}
{"level":"error","message":" WARN react-codemirror@1.0.0 requires a peer of react@>=15.5 <16 but none is installed. You must install peer dependencies yourself.\nnpm WARN react-codemirror@1.0.0 requires a peer of react-dom@>=15.5 <16 but none is installed. You must install peer dependencies yourself.\nnpm WARN react-jsonschema-form@0.49.0 requires a peer of react@^15.0.0 but none is installed. You must install peer dependencies yourself.\nnpm WARN","timestamp":"2017-11-11T17:01:42.601Z"}
{"level":"error","message":" neerja@0.0.1 No description\nnpm WARN neerja@0.0.1 No repository field.\nnpm ","timestamp":"2017-11-11T17:01:42.601Z"}
{"level":"error","message":"WARN neerja@0.0.1 license should be a valid SPDX license expression\n","timestamp":"2017-11-11T17:01:42.601Z"}
{"level":"error","message":"\n","timestamp":"2017-11-11T17:01:42.602Z"}
{"level":"info","message":"+ botpress-analytics@2.2.4\nadded 2 packages in 5.806s\n","timestamp":"2017-11-11T17:01:42.603Z"}
{"level":"info","message":"Starting botpress version 1.1.10","timestamp":"2017-11-11T17:01:45.008Z"}
{"level":"info","message":"Loaded botpress-analytics, version 2.2.4","timestamp":"2017-11-11T17:01:45.264Z"}
{"level":"verbose","message":"[UMM] Enabled for web","timestamp":"2017-11-11T17:01:45.268Z"}
{"level":"info","message":"Loaded botpress-web, version 1.2.3","timestamp":"2017-11-11T17:01:45.268Z"}
{"level":"info","message":"Loaded 2 modules","timestamp":"2017-11-11T17:01:45.269Z"}
{"level":"debug","message":"Loading middleware: analytics.outgoing","timestamp":"2017-11-11T17:01:45.284Z"}
{"level":"debug","message":"Loading middleware: UMM.instrumentation","timestamp":"2017-11-11T17:01:45.284Z"}
{"level":"debug","message":"Loading middleware: analytics.incoming","timestamp":"2017-11-11T17:01:45.285Z"}
{"level":"debug","message":"Loading middleware: hear","timestamp":"2017-11-11T17:01:45.285Z"}
{"level":"debug","message":"Loading middleware: conversations","timestamp":"2017-11-11T17:01:45.285Z"}
{"level":"debug","message":"Loading middleware: web.sendMessages","timestamp":"2017-11-11T17:01:45.286Z"}
{"level":"debug","message":"Loading middleware: fallback","timestamp":"2017-11-11T17:01:45.286Z"}
{"level":"info","message":"\u001b[32m\u001b[1mBot launched. Visit: http://localhost:3000\u001b[22m\u001b[39m","timestamp":"2017-11-11T17:01:45.368Z"}
{"level":"debug","message":"botpress-analytics: recompiling analytics","timestamp":"2017-11-11T17:01:50.391Z"}
{"level":"debug","message":"botpress-analytics: recompiling analytics","timestamp":"2017-11-11T17:06:50.545Z"}
{"level":"info","message":"Starting botpress version 1.1.10","timestamp":"2017-11-11T17:50:42.190Z"}
{"level":"info","message":"Loaded botpress-analytics, version 2.2.4","timestamp":"2017-11-11T17:50:42.470Z"}
{"level":"verbose","message":"[UMM] Enabled for web","timestamp":"2017-11-11T17:50:42.474Z"}
{"level":"info","message":"Loaded botpress-web, version 1.2.3","timestamp":"2017-11-11T17:50:42.474Z"}
{"level":"info","message":"Loaded 2 modules","timestamp":"2017-11-11T17:50:42.474Z"}
{"level":"debug","message":"Loading middleware: analytics.outgoing","timestamp":"2017-11-11T17:50:42.487Z"}
{"level":"debug","message":"Loading middleware: UMM.instrumentation","timestamp":"2017-11-11T17:50:42.487Z"}
{"level":"debug","message":"Loading middleware: analytics.incoming","timestamp":"2017-11-11T17:50:42.487Z"}
{"level":"debug","message":"Loading middleware: hear","timestamp":"2017-11-11T17:50:42.487Z"}
{"level":"debug","message":"Loading middleware: conversations","timestamp":"2017-11-11T17:50:42.488Z"}
{"level":"debug","message":"Loading middleware: web.sendMessages","timestamp":"2017-11-11T17:50:42.488Z"}
{"level":"debug","message":"Loading middleware: fallback","timestamp":"2017-11-11T17:50:42.488Z"}
{"level":"info","message":"\u001b[32m\u001b[1mBot launched. Visit: http://localhost:3000\u001b[22m\u001b[39m","timestamp":"2017-11-11T17:50:42.524Z"}
{"level":"debug","message":"botpress-analytics: recompiling analytics","timestamp":"2017-11-11T17:50:47.530Z"}
{"level":"info","message":"Starting botpress version 1.1.10","timestamp":"2017-11-11T18:00:06.176Z"}
{"level":"info","message":"Loaded botpress-analytics, version 2.2.4","timestamp":"2017-11-11T18:00:06.555Z"}
{"level":"verbose","message":"[UMM] Enabled for web","timestamp":"2017-11-11T18:00:06.559Z"}
{"level":"info","message":"Loaded botpress-web, version 1.2.3","timestamp":"2017-11-11T18:00:06.559Z"}
{"level":"info","message":"Loaded 2 modules","timestamp":"2017-11-11T18:00:06.559Z"}
{"level":"debug","message":"Loading middleware: analytics.outgoing","timestamp":"2017-11-11T18:00:06.572Z"}
{"level":"debug","message":"Loading middleware: UMM.instrumentation","timestamp":"2017-11-11T18:00:06.573Z"}
{"level":"debug","message":"Loading middleware: analytics.incoming","timestamp":"2017-11-11T18:00:06.573Z"}
{"level":"debug","message":"Loading middleware: hear","timestamp":"2017-11-11T18:00:06.573Z"}
{"level":"debug","message":"Loading middleware: conversations","timestamp":"2017-11-11T18:00:06.574Z"}
{"level":"debug","message":"Loading middleware: web.sendMessages","timestamp":"2017-11-11T18:00:06.574Z"}
{"level":"debug","message":"Loading middleware: fallback","timestamp":"2017-11-11T18:00:06.574Z"}
{"level":"info","message":"\u001b[32m\u001b[1mBot launched. Visit: http://localhost:3000\u001b[22m\u001b[39m","timestamp":"2017-11-11T18:00:06.605Z"}
{"level":"debug","message":"botpress-analytics: recompiling analytics","timestamp":"2017-11-11T18:00:11.618Z"}
{"level":"info","message":"Starting botpress version 1.1.10","timestamp":"2017-11-11T18:05:39.722Z"}
{"level":"info","message":"Loaded botpress-analytics, version 2.2.4","timestamp":"2017-11-11T18:05:40.137Z"}
{"level":"verbose","message":"[UMM] Enabled for web","timestamp":"2017-11-11T18:05:40.141Z"}
{"level":"info","message":"Loaded botpress-web, version 1.2.3","timestamp":"2017-11-11T18:05:40.141Z"}
{"level":"info","message":"Loaded 2 modules","timestamp":"2017-11-11T18:05:40.141Z"}
{"level":"debug","message":"Loading middleware: analytics.outgoing","timestamp":"2017-11-11T18:05:40.154Z"}
{"level":"debug","message":"Loading middleware: UMM.instrumentation","timestamp":"2017-11-11T18:05:40.154Z"}
{"level":"debug","message":"Loading middleware: analytics.incoming","timestamp":"2017-11-11T18:05:40.155Z"}
{"level":"debug","message":"Loading middleware: hear","timestamp":"2017-11-11T18:05:40.155Z"}
{"level":"debug","message":"Loading middleware: conversations","timestamp":"2017-11-11T18:05:40.155Z"}
{"level":"debug","message":"Loading middleware: web.sendMessages","timestamp":"2017-11-11T18:05:40.155Z"}
{"level":"debug","message":"Loading middleware: fallback","timestamp":"2017-11-11T18:05:40.156Z"}
{"level":"info","message":"\u001b[32m\u001b[1mBot launched. Visit: http://localhost:3000\u001b[22m\u001b[39m","timestamp":"2017-11-11T18:05:40.199Z"}
{"level":"debug","message":"botpress-analytics: recompiling analytics","timestamp":"2017-11-11T18:05:45.199Z"}
{"level":"info","message":"Installing modules: botpress-rivescript","timestamp":"2017-11-11T18:06:04.513Z"}
{"level":"error","message":"npm ","timestamp":"2017-11-11T18:06:11.251Z"}
{"level":"error","message":"WARN react-codemirror@1.0.0 requires a peer of react@>=15.5 <16 but none is installed. You must install peer dependencies yourself.\nnpm WARN react-codemirror@1.0.0 requires a peer of react-dom@>=15.5 <16 but none is installed. You must install peer dependencies yourself.\nnpm WARN react-jsonschema-form@0.49.0 requires a peer of react@^15.0.0 but none is installed. You must install peer dependencies yourself.\nnpm WARN neerja@0.0.1 No repository field.\nnpm WARN","timestamp":"2017-11-11T18:06:11.251Z"}
{"level":"error","message":" neerja@0.0.1 license should be a valid SPDX license expression\n\n","timestamp":"2017-11-11T18:06:11.251Z"}
{"level":"info","message":"+ botpress-rivescript@2.0.7\nadded 7 packages in 5.976s\n","timestamp":"2017-11-11T18:06:11.252Z"}
{"level":"info","message":"Starting botpress version 1.1.10","timestamp":"2017-11-11T18:06:13.598Z"}
{"level":"info","message":"Loaded botpress-analytics, version 2.2.4","timestamp":"2017-11-11T18:06:14.007Z"}
{"level":"info","message":"Loaded botpress-rivescript, version 2.0.7","timestamp":"2017-11-11T18:06:14.038Z"}
{"level":"verbose","message":"[UMM] Enabled for web","timestamp":"2017-11-11T18:06:14.041Z"}
{"level":"info","message":"Loaded botpress-web, version 1.2.3","timestamp":"2017-11-11T18:06:14.041Z"}
{"level":"info","message":"Loaded 3 modules","timestamp":"2017-11-11T18:06:14.042Z"}
{"level":"debug","message":"Loading middleware: analytics.outgoing","timestamp":"2017-11-11T18:06:14.054Z"}
{"level":"debug","message":"Loading middleware: UMM.instrumentation","timestamp":"2017-11-11T18:06:14.054Z"}
{"level":"debug","message":"Loading middleware: analytics.incoming","timestamp":"2017-11-11T18:06:14.055Z"}
{"level":"debug","message":"Loading middleware: rivescript.processIncomingMessages","timestamp":"2017-11-11T18:06:14.055Z"}
{"level":"debug","message":"Loading middleware: hear","timestamp":"2017-11-11T18:06:14.055Z"}
{"level":"debug","message":"Loading middleware: conversations","timestamp":"2017-11-11T18:06:14.055Z"}
{"level":"debug","message":"Loading middleware: web.sendMessages","timestamp":"2017-11-11T18:06:14.056Z"}
{"level":"debug","message":"Loading middleware: fallback","timestamp":"2017-11-11T18:06:14.056Z"}
{"level":"info","message":"\u001b[32m\u001b[1mBot launched. Visit: http://localhost:3000\u001b[22m\u001b[39m","timestamp":"2017-11-11T18:06:14.090Z"}
{"level":"debug","message":"[rivescript] Restoring brain","timestamp":"2017-11-11T18:06:14.096Z"}
{"level":"info","message":"Uninstalling modules: botpress-rivescript","timestamp":"2017-11-11T18:06:32.143Z"}
{"level":"error","message":"npm","timestamp":"2017-11-11T18:06:36.169Z"}
{"level":"error","message":" WARN react-codemirror@1.0.0 requires a peer of react@>=15.5 <16 but none is installed. You must install peer dependencies yourself.\nnpm ","timestamp":"2017-11-11T18:06:36.170Z"}
{"level":"error","message":"WARN react-codemirror@1.0.0 requires a peer of react-dom@>=15.5 <16 but none is installed. You must install peer dependencies yourself.\nnpm WARN react-jsonschema-form@0.49.0 requires a peer of react@^15.0.0 but none is installed. You must install peer dependencies yourself.\nnpm WARN","timestamp":"2017-11-11T18:06:36.170Z"}
{"level":"error","message":" neerja@0.0.1 No repository field.\nnpm WARN neerja@0.0.1 license should be a valid SPDX license expression\n","timestamp":"2017-11-11T18:06:36.170Z"}
{"level":"error","message":"\n","timestamp":"2017-11-11T18:06:36.171Z"}
{"level":"info","message":"removed 7 packages in 3.488s\n","timestamp":"2017-11-11T18:06:36.171Z"}
{"level":"info","message":"Starting botpress version 1.1.10","timestamp":"2017-11-11T18:06:38.612Z"}
{"level":"info","message":"Loaded botpress-analytics, version 2.2.4","timestamp":"2017-11-11T18:06:38.921Z"}
{"level":"verbose","message":"[UMM] Enabled for web","timestamp":"2017-11-11T18:06:38.925Z"}
{"level":"info","message":"Loaded botpress-web, version 1.2.3","timestamp":"2017-11-11T18:06:38.925Z"}
{"level":"info","message":"Loaded 2 modules","timestamp":"2017-11-11T18:06:38.925Z"}
{"level":"debug","message":"Loading middleware: analytics.outgoing","timestamp":"2017-11-11T18:06:38.939Z"}
{"level":"debug","message":"Loading middleware: UMM.instrumentation","timestamp":"2017-11-11T18:06:38.939Z"}
{"level":"debug","message":"Loading middleware: analytics.incoming","timestamp":"2017-11-11T18:06:38.940Z"}
{"level":"debug","message":"Loading middleware: hear","timestamp":"2017-11-11T18:06:38.940Z"}
{"level":"debug","message":"Loading middleware: conversations","timestamp":"2017-11-11T18:06:38.940Z"}
{"level":"debug","message":"Loading middleware: web.sendMessages","timestamp":"2017-11-11T18:06:38.940Z"}
{"level":"debug","message":"Loading middleware: fallback","timestamp":"2017-11-11T18:06:38.941Z"}
{"level":"info","message":"\u001b[32m\u001b[1mBot launched. Visit: http://localhost:3000\u001b[22m\u001b[39m","timestamp":"2017-11-11T18:06:38.965Z"}
{"level":"debug","message":"botpress-analytics: recompiling analytics","timestamp":"2017-11-11T18:10:49.094Z"}
{"level":"debug","message":"botpress-analytics: recompiling analytics","timestamp":"2017-11-11T18:15:54.238Z"}
{"level":"debug","message":"botpress-analytics: recompiling analytics","timestamp":"2017-11-11T18:20:54.369Z"}
{"level":"debug","message":"botpress-analytics: recompiling analytics","timestamp":"2017-11-11T18:25:59.503Z"}
{"message":"Unhandled Rejection in Promise:  Promise {\n  _bitField: 18087936,\n  _fulfillmentHandler0: \n   { YAMLException: bad indentation of a mapping entry at line 83, column 3:\n      - text: No one says goodbye anym ... \n      ^\n    at generateError (/Users/ekan/git/neerja/node_modules/js-yaml/lib/js-yaml/loader.js:165:10)\n    at throwError (/Users/ekan/git/neerja/node_modules/js-yaml/lib/js-yaml/loader.js:171:9)\n    at readBlockMapping (/Users/ekan/git/neerja/node_modules/js-yaml/lib/js-yaml/loader.js:1080:7)\n    at composeNode (/Users/ekan/git/neerja/node_modules/js-yaml/lib/js-yaml/loader.js:1332:12)\n    at readDocument (/Users/ekan/git/neerja/node_modules/js-yaml/lib/js-yaml/loader.js:1492:3)\n    at loadDocuments (/Users/ekan/git/neerja/node_modules/js-yaml/lib/js-yaml/loader.js:1548:5)\n    at loadAll (/Users/ekan/git/neerja/node_modules/js-yaml/lib/js-yaml/loader.js:1556:19)\n    at Object.safeLoadAll (/Users/ekan/git/neerja/node_modules/js-yaml/lib/js-yaml/loader.js:1583:5)\n    at module.exports.module.exports (/Users/ekan/git/neerja/node_modules/botpress/lib/webpack:/src/umm/engine.js:178:8)\n    at parse (/Users/ekan/git/neerja/node_modules/botpress/lib/webpack:/src/umm/index.js:42:12)\n    at _callee3$ (/Users/ekan/git/neerja/node_modules/botpress/lib/webpack:/src/umm/index.js:177:17)\n    at tryCatch (/usr/local/lib/node_modules/botpress/node_modules/babel-polyfill/node_modules/regenerator-runtime/runtime.js:65:40)\n    at Generator.invoke [as _invoke] (/usr/local/lib/node_modules/botpress/node_modules/babel-polyfill/node_modules/regenerator-runtime/runtime.js:303:22)\n    at Generator.prototype.(anonymous function) [as next] (/usr/local/lib/node_modules/botpress/node_modules/babel-polyfill/node_modules/regenerator-runtime/runtime.js:117:21)\n    at step (/Users/ekan/git/neerja/node_modules/botpress/lib/node.bundle.js:4743:202)\n    at /Users/ekan/git/neerja/node_modules/botpress/lib/node.bundle.js:4743:383\n    at tryCatcher (/Users/ekan/git/neerja/node_modules/bluebird/js/release/util.js:16:23)\n    at Promise._settlePromiseFromHandler (/Users/ekan/git/neerja/node_modules/bluebird/js/release/promise.js:512:31)\n    at Promise._settlePromise (/Users/ekan/git/neerja/node_modules/bluebird/js/release/promise.js:569:18)\n    at Promise._settlePromise0 (/Users/ekan/git/neerja/node_modules/bluebird/js/release/promise.js:614:10)\n    at Promise._settlePromises (/Users/ekan/git/neerja/node_modules/bluebird/js/release/promise.js:693:18)\n    at Promise._fulfill (/Users/ekan/git/neerja/node_modules/bluebird/js/release/promise.js:638:18)\n     name: 'YAMLException',\n     reason: 'bad indentation of a mapping entry',\n     mark: \n      Mark {\n        name: null,\n        buffer: 'welcome: # this is the #welcome bloc referenced in index.js\\n  - typing: true\\n    wait: 2s\\n    text: # Picks one randomly\\n      - citation needed\\n      - ugh\\n      - oh pls u nerd\\n      - this is so cool!!\\n      - no one takes pics of the cheer squad…\\n      - i’m boosting team morale\\n      - look at this\\n      - um fite me\\n      - so so annoying\\n      - yEAH LIKE WHAT\\n      - don’t be a n00b\\n      - #PCmasterrace is not a real thing \\n      - wHY\\n      - nooo\\n      - sometimes his accent covers up his sarcasm\\n      - hahahaha\\n      - he could’ve been being sarcastic\\n      - isn’t he so cute\\n      - today I introduced him to farm animals\\n      - that\\'s what I\\'m trying to do \\n      - he was like Eric knows so much and eats mustard off his shorts \\n      - ha no o haven\\'t told him I eat wings \\n      - oooo that sizzle \\n      - have you seen in bruges? they kind of make fun of americans who can’t go up a lighthouse because they’re too fat lol\\n      - um it\\'s still his even if a woman has it for him\\n      - thought tommy had a baby \\n      - as it should be. Has he told you how much he works yet?\\n      - wait professionally or personally? Or both?\\n      - perfect\\n      - where is the minidonkey watch?\\n      - how\\'s the wedding?\\n      - exactly\\n      - this is why you’re the smarter one\\n      - yeah but you own a pizzeria\\n      - that’s still a decent amount\\n      - fantastic\\n      - why am I a traitor?\\n      - omg who are you even talking to?\\n      - great…\\n      - that’s not false\\n      - tell these gossipy bitches to shut up about me gosh\\n      - who is claiming that?\\n      - omg he is such a lightweight\\n      - ?\\n      - yesssss\\n      - so classy\\n      - i didn’t think he knew anyone?\\n      - oh damn that’s ratchet\\n      - yeah it’s pretty decent\\n      - unfortunately not\\n      - but now I call people\\n      - i’m leaving town at 8 am tomorrow!\\n      - but the lack of internet presence still freaks me out \\n      - ugh I knowwwww\\n      - it’s so hard\\n      - omfg I don\\'t know if it\\'ll happen\\n      - is that maple?\\n      - i think this squirrel is taking the initiative to be violent tho\\n      - another reason why running is the worst\\n      - so dramatic\\n      - like idc lol\\n      - because I’m rude and sassy?\\n      - ew\\n      - i pushed aside a lady and her baby yesterday\\n      - hahaha I don\\'t even yell ahead. I\\'m just like I have places to be celebrities to try and find\\n      - pls I only listen to ny bands now \\n      - who is hinder? R they a hinderance \\n      - literally my goal for this weekend was copious amounts of alcohol and a keychain.\\n      - rude\\n      - my eye is bleeding, leave me alone\\n      - laptop music\\n      - aww that’s nice too\\n      - literally what\\n      - i was looking for cheese in the apt and got sad but then remembered lactose haters        #  - text: This is just a regular Hello World, I don\\'t do anything ;)\\n      - \\n      - \\ngoodbye:\\n  typing: 3s\\n  - text: No one says goodbye anymore \\\\uF47D\\n\\u0000',\n        position: 2921,\n        line: 82,\n        column: 2 },\n     message: 'bad indentation of a mapping entry at line 83, column 3:\\n      - text: No one says goodbye anym ... \\n      ^' },\n  _rejectionHandler0: undefined,\n  _promise0: undefined,\n  _receiver0: undefined } Reason:","name":"YAMLException","reason":"bad indentation of a mapping entry","mark":{"name":null,"buffer":"welcome: # this is the #welcome bloc referenced in index.js\n  - typing: true\n    wait: 2s\n    text: # Picks one randomly\n      - citation needed\n      - ugh\n      - oh pls u nerd\n      - this is so cool!!\n      - no one takes pics of the cheer squad…\n      - i’m boosting team morale\n      - look at this\n      - um fite me\n      - so so annoying\n      - yEAH LIKE WHAT\n      - don’t be a n00b\n      - #PCmasterrace is not a real thing \n      - wHY\n      - nooo\n      - sometimes his accent covers up his sarcasm\n      - hahahaha\n      - he could’ve been being sarcastic\n      - isn’t he so cute\n      - today I introduced him to farm animals\n      - that's what I'm trying to do \n      - he was like Eric knows so much and eats mustard off his shorts \n      - ha no o haven't told him I eat wings \n      - oooo that sizzle \n      - have you seen in bruges? they kind of make fun of americans who can’t go up a lighthouse because they’re too fat lol\n      - um it's still his even if a woman has it for him\n      - thought tommy had a baby \n      - as it should be. Has he told you how much he works yet?\n      - wait professionally or personally? Or both?\n      - perfect\n      - where is the minidonkey watch?\n      - how's the wedding?\n      - exactly\n      - this is why you’re the smarter one\n      - yeah but you own a pizzeria\n      - that’s still a decent amount\n      - fantastic\n      - why am I a traitor?\n      - omg who are you even talking to?\n      - great…\n      - that’s not false\n      - tell these gossipy bitches to shut up about me gosh\n      - who is claiming that?\n      - omg he is such a lightweight\n      - ?\n      - yesssss\n      - so classy\n      - i didn’t think he knew anyone?\n      - oh damn that’s ratchet\n      - yeah it’s pretty decent\n      - unfortunately not\n      - but now I call people\n      - i’m leaving town at 8 am tomorrow!\n      - but the lack of internet presence still freaks me out \n      - ugh I knowwwww\n      - it’s so hard\n      - omfg I don't know if it'll happen\n      - is that maple?\n      - i think this squirrel is taking the initiative to be violent tho\n      - another reason why running is the worst\n      - so dramatic\n      - like idc lol\n      - because I’m rude and sassy?\n      - ew\n      - i pushed aside a lady and her baby yesterday\n      - hahaha I don't even yell ahead. I'm just like I have places to be celebrities to try and find\n      - pls I only listen to ny bands now \n      - who is hinder? R they a hinderance \n      - literally my goal for this weekend was copious amounts of alcohol and a keychain.\n      - rude\n      - my eye is bleeding, leave me alone\n      - laptop music\n      - aww that’s nice too\n      - literally what\n      - i was looking for cheese in the apt and got sad but then remembered lactose haters        #  - text: This is just a regular Hello World, I don't do anything ;)\n      - \n      - \ngoodbye:\n  typing: 3s\n  - text: No one says goodbye anymore \\uF47D\n\u0000","position":2921,"line":82,"column":2},"stack":"YAMLException: bad indentation of a mapping entry at line 83, column 3:\n      - text: No one says goodbye anym ... \n      ^\n    at generateError (/Users/ekan/git/neerja/node_modules/js-yaml/lib/js-yaml/loader.js:165:10)\n    at throwError (/Users/ekan/git/neerja/node_modules/js-yaml/lib/js-yaml/loader.js:171:9)\n    at readBlockMapping (/Users/ekan/git/neerja/node_modules/js-yaml/lib/js-yaml/loader.js:1080:7)\n    at composeNode (/Users/ekan/git/neerja/node_modules/js-yaml/lib/js-yaml/loader.js:1332:12)\n    at readDocument (/Users/ekan/git/neerja/node_modules/js-yaml/lib/js-yaml/loader.js:1492:3)\n    at loadDocuments (/Users/ekan/git/neerja/node_modules/js-yaml/lib/js-yaml/loader.js:1548:5)\n    at loadAll (/Users/ekan/git/neerja/node_modules/js-yaml/lib/js-yaml/loader.js:1556:19)\n    at Object.safeLoadAll (/Users/ekan/git/neerja/node_modules/js-yaml/lib/js-yaml/loader.js:1583:5)\n    at module.exports.module.exports (/Users/ekan/git/neerja/node_modules/botpress/lib/webpack:/src/umm/engine.js:178:8)\n    at parse (/Users/ekan/git/neerja/node_modules/botpress/lib/webpack:/src/umm/index.js:42:12)\n    at _callee3$ (/Users/ekan/git/neerja/node_modules/botpress/lib/webpack:/src/umm/index.js:177:17)\n    at tryCatch (/usr/local/lib/node_modules/botpress/node_modules/babel-polyfill/node_modules/regenerator-runtime/runtime.js:65:40)\n    at Generator.invoke [as _invoke] (/usr/local/lib/node_modules/botpress/node_modules/babel-polyfill/node_modules/regenerator-runtime/runtime.js:303:22)\n    at Generator.prototype.(anonymous function) [as next] (/usr/local/lib/node_modules/botpress/node_modules/babel-polyfill/node_modules/regenerator-runtime/runtime.js:117:21)\n    at step (/Users/ekan/git/neerja/node_modules/botpress/lib/node.bundle.js:4743:202)\n    at /Users/ekan/git/neerja/node_modules/botpress/lib/node.bundle.js:4743:383\n    at tryCatcher (/Users/ekan/git/neerja/node_modules/bluebird/js/release/util.js:16:23)\n    at Promise._settlePromiseFromHandler (/Users/ekan/git/neerja/node_modules/bluebird/js/release/promise.js:512:31)\n    at Promise._settlePromise (/Users/ekan/git/neerja/node_modules/bluebird/js/release/promise.js:569:18)\n    at Promise._settlePromise0 (/Users/ekan/git/neerja/node_modules/bluebird/js/release/promise.js:614:10)\n    at Promise._settlePromises (/Users/ekan/git/neerja/node_modules/bluebird/js/release/promise.js:693:18)\n    at Promise._fulfill (/Users/ekan/git/neerja/node_modules/bluebird/js/release/promise.js:638:18)","level":"error","timestamp":"2017-11-11T18:27:29.898Z"}
{"level":"error","message":"YAMLException: bad indentation of a mapping entry at line 83, column 3:\n      - text: No one says goodbye anym ... \n      ^\n    at generateError (/Users/ekan/git/neerja/node_modules/js-yaml/lib/js-yaml/loader.js:165:10)\n    at throwError (/Users/ekan/git/neerja/node_modules/js-yaml/lib/js-yaml/loader.js:171:9)\n    at readBlockMapping (/Users/ekan/git/neerja/node_modules/js-yaml/lib/js-yaml/loader.js:1080:7)\n    at composeNode (/Users/ekan/git/neerja/node_modules/js-yaml/lib/js-yaml/loader.js:1332:12)\n    at readDocument (/Users/ekan/git/neerja/node_modules/js-yaml/lib/js-yaml/loader.js:1492:3)\n    at loadDocuments (/Users/ekan/git/neerja/node_modules/js-yaml/lib/js-yaml/loader.js:1548:5)\n    at loadAll (/Users/ekan/git/neerja/node_modules/js-yaml/lib/js-yaml/loader.js:1556:19)\n    at Object.safeLoadAll (/Users/ekan/git/neerja/node_modules/js-yaml/lib/js-yaml/loader.js:1583:5)\n    at module.exports.module.exports (/Users/ekan/git/neerja/node_modules/botpress/lib/webpack:/src/umm/engine.js:178:8)\n    at parse (/Users/ekan/git/neerja/node_modules/botpress/lib/webpack:/src/umm/index.js:42:12)\n    at _callee3$ (/Users/ekan/git/neerja/node_modules/botpress/lib/webpack:/src/umm/index.js:177:17)\n    at tryCatch (/usr/local/lib/node_modules/botpress/node_modules/babel-polyfill/node_modules/regenerator-runtime/runtime.js:65:40)\n    at Generator.invoke [as _invoke] (/usr/local/lib/node_modules/botpress/node_modules/babel-polyfill/node_modules/regenerator-runtime/runtime.js:303:22)\n    at Generator.prototype.(anonymous function) [as next] (/usr/local/lib/node_modules/botpress/node_modules/babel-polyfill/node_modules/regenerator-runtime/runtime.js:117:21)\n    at step (/Users/ekan/git/neerja/node_modules/botpress/lib/node.bundle.js:4743:202)\n    at /Users/ekan/git/neerja/node_modules/botpress/lib/node.bundle.js:4743:383\n    at tryCatcher (/Users/ekan/git/neerja/node_modules/bluebird/js/release/util.js:16:23)\n    at Promise._settlePromiseFromHandler (/Users/ekan/git/neerja/node_modules/bluebird/js/release/promise.js:512:31)\n    at Promise._settlePromise (/Users/ekan/git/neerja/node_modules/bluebird/js/release/promise.js:569:18)\n    at Promise._settlePromise0 (/Users/ekan/git/neerja/node_modules/bluebird/js/release/promise.js:614:10)\n    at Promise._settlePromises (/Users/ekan/git/neerja/node_modules/bluebird/js/release/promise.js:693:18)\n    at Promise._fulfill (/Users/ekan/git/neerja/node_modules/bluebird/js/release/promise.js:638:18)","timestamp":"2017-11-11T18:27:29.899Z"}
{"level":"info","message":"Starting botpress version 1.1.10","timestamp":"2017-11-11T18:28:05.085Z"}
{"level":"info","message":"Loaded botpress-analytics, version 2.2.4","timestamp":"2017-11-11T18:28:05.527Z"}
{"level":"verbose","message":"[UMM] Enabled for web","timestamp":"2017-11-11T18:28:05.531Z"}
{"level":"info","message":"Loaded botpress-web, version 1.2.3","timestamp":"2017-11-11T18:28:05.531Z"}
{"level":"info","message":"Loaded 2 modules","timestamp":"2017-11-11T18:28:05.531Z"}
{"level":"debug","message":"Loading middleware: analytics.outgoing","timestamp":"2017-11-11T18:28:05.545Z"}
{"level":"debug","message":"Loading middleware: UMM.instrumentation","timestamp":"2017-11-11T18:28:05.546Z"}
{"level":"debug","message":"Loading middleware: analytics.incoming","timestamp":"2017-11-11T18:28:05.546Z"}
{"level":"debug","message":"Loading middleware: hear","timestamp":"2017-11-11T18:28:05.546Z"}
{"level":"debug","message":"Loading middleware: conversations","timestamp":"2017-11-11T18:28:05.546Z"}
{"level":"debug","message":"Loading middleware: web.sendMessages","timestamp":"2017-11-11T18:28:05.547Z"}
{"level":"debug","message":"Loading middleware: fallback","timestamp":"2017-11-11T18:28:05.547Z"}
{"level":"info","message":"\u001b[32m\u001b[1mBot launched. Visit: http://localhost:3000\u001b[22m\u001b[39m","timestamp":"2017-11-11T18:28:05.591Z"}
{"message":"Unhandled Rejection in Promise:  Promise {\n  _bitField: 18087936,\n  _fulfillmentHandler0: \n   { YAMLException: bad indentation of a mapping entry at line 82, column 3:\n      - text: No one says goodbye anym ... \n      ^\n    at generateError (/Users/ekan/git/neerja/node_modules/js-yaml/lib/js-yaml/loader.js:165:10)\n    at throwError (/Users/ekan/git/neerja/node_modules/js-yaml/lib/js-yaml/loader.js:171:9)\n    at readBlockMapping (/Users/ekan/git/neerja/node_modules/js-yaml/lib/js-yaml/loader.js:1080:7)\n    at composeNode (/Users/ekan/git/neerja/node_modules/js-yaml/lib/js-yaml/loader.js:1332:12)\n    at readDocument (/Users/ekan/git/neerja/node_modules/js-yaml/lib/js-yaml/loader.js:1492:3)\n    at loadDocuments (/Users/ekan/git/neerja/node_modules/js-yaml/lib/js-yaml/loader.js:1548:5)\n    at loadAll (/Users/ekan/git/neerja/node_modules/js-yaml/lib/js-yaml/loader.js:1556:19)\n    at Object.safeLoadAll (/Users/ekan/git/neerja/node_modules/js-yaml/lib/js-yaml/loader.js:1583:5)\n    at module.exports.module.exports (/Users/ekan/git/neerja/node_modules/botpress/lib/webpack:/src/umm/engine.js:178:8)\n    at parse (/Users/ekan/git/neerja/node_modules/botpress/lib/webpack:/src/umm/index.js:42:12)\n    at _callee3$ (/Users/ekan/git/neerja/node_modules/botpress/lib/webpack:/src/umm/index.js:177:17)\n    at tryCatch (/usr/local/lib/node_modules/botpress/node_modules/babel-polyfill/node_modules/regenerator-runtime/runtime.js:65:40)\n    at Generator.invoke [as _invoke] (/usr/local/lib/node_modules/botpress/node_modules/babel-polyfill/node_modules/regenerator-runtime/runtime.js:303:22)\n    at Generator.prototype.(anonymous function) [as next] (/usr/local/lib/node_modules/botpress/node_modules/babel-polyfill/node_modules/regenerator-runtime/runtime.js:117:21)\n    at step (/Users/ekan/git/neerja/node_modules/botpress/lib/node.bundle.js:4743:202)\n    at /Users/ekan/git/neerja/node_modules/botpress/lib/node.bundle.js:4743:383\n    at tryCatcher (/Users/ekan/git/neerja/node_modules/bluebird/js/release/util.js:16:23)\n    at Promise._settlePromiseFromHandler (/Users/ekan/git/neerja/node_modules/bluebird/js/release/promise.js:512:31)\n    at Promise._settlePromise (/Users/ekan/git/neerja/node_modules/bluebird/js/release/promise.js:569:18)\n    at Promise._settlePromise0 (/Users/ekan/git/neerja/node_modules/bluebird/js/release/promise.js:614:10)\n    at Promise._settlePromises (/Users/ekan/git/neerja/node_modules/bluebird/js/release/promise.js:693:18)\n    at Promise._fulfill (/Users/ekan/git/neerja/node_modules/bluebird/js/release/promise.js:638:18)\n     name: 'YAMLException',\n     reason: 'bad indentation of a mapping entry',\n     mark: \n      Mark {\n        name: null,\n        buffer: 'welcome: # this is the #welcome bloc referenced in index.js\\n  - typing: true\\n    wait: 2s\\n    text: # Picks one randomly\\n      - citation needed\\n      - ugh\\n      - oh pls u nerd\\n      - this is so cool!!\\n      - no one takes pics of the cheer squad…\\n      - i’m boosting team morale\\n      - look at this\\n      - um fite me\\n      - so so annoying\\n      - yEAH LIKE WHAT\\n      - don’t be a n00b\\n      - #PCmasterrace is not a real thing \\n      - wHY\\n      - nooo\\n      - sometimes his accent covers up his sarcasm\\n      - hahahaha\\n      - he could’ve been being sarcastic\\n      - isn’t he so cute\\n      - today I introduced him to farm animals\\n      - that\\'s what I\\'m trying to do \\n      - he was like Eric knows so much and eats mustard off his shorts \\n      - ha no o haven\\'t told him I eat wings \\n      - oooo that sizzle \\n      - have you seen in bruges? they kind of make fun of americans who can’t go up a lighthouse because they’re too fat lol\\n      - um it\\'s still his even if a woman has it for him\\n      - thought tommy had a baby \\n      - as it should be. Has he told you how much he works yet?\\n      - wait professionally or personally? Or both?\\n      - perfect\\n      - where is the minidonkey watch?\\n      - how\\'s the wedding?\\n      - exactly\\n      - this is why you’re the smarter one\\n      - yeah but you own a pizzeria\\n      - that’s still a decent amount\\n      - fantastic\\n      - why am I a traitor?\\n      - omg who are you even talking to?\\n      - great…\\n      - that’s not false\\n      - tell these gossipy bitches to shut up about me gosh\\n      - who is claiming that?\\n      - omg he is such a lightweight\\n      - ?\\n      - yesssss\\n      - so classy\\n      - i didn’t think he knew anyone?\\n      - oh damn that’s ratchet\\n      - yeah it’s pretty decent\\n      - unfortunately not\\n      - but now I call people\\n      - i’m leaving town at 8 am tomorrow!\\n      - but the lack of internet presence still freaks me out \\n      - ugh I knowwwww\\n      - it’s so hard\\n      - omfg I don\\'t know if it\\'ll happen\\n      - is that maple?\\n      - i think this squirrel is taking the initiative to be violent tho\\n      - another reason why running is the worst\\n      - so dramatic\\n      - like idc lol\\n      - because I’m rude and sassy?\\n      - ew\\n      - i pushed aside a lady and her baby yesterday\\n      - hahaha I don\\'t even yell ahead. I\\'m just like I have places to be celebrities to try and find\\n      - pls I only listen to ny bands now \\n      - who is hinder? R they a hinderance \\n      - literally my goal for this weekend was copious amounts of alcohol and a keychain.\\n      - rude\\n      - my eye is bleeding, leave me alone\\n      - laptop music\\n      - aww that’s nice too\\n      - literally what\\n      - i was looking for cheese in the apt and got sad but then remembered lactose haters        #  - text: This is just a regular Hello World, I don\\'t do anything ;)\\n\\ngoodbye:\\n  typing: 3s\\n  - text: No one says goodbye anymore \\\\uF47D\\n\\u0000',\n        position: 2904,\n        line: 81,\n        column: 2 },\n     message: 'bad indentation of a mapping entry at line 82, column 3:\\n      - text: No one says goodbye anym ... \\n      ^' },\n  _rejectionHandler0: undefined,\n  _promise0: undefined,\n  _receiver0: undefined } Reason:","name":"YAMLException","reason":"bad indentation of a mapping entry","mark":{"name":null,"buffer":"welcome: # this is the #welcome bloc referenced in index.js\n  - typing: true\n    wait: 2s\n    text: # Picks one randomly\n      - citation needed\n      - ugh\n      - oh pls u nerd\n      - this is so cool!!\n      - no one takes pics of the cheer squad…\n      - i’m boosting team morale\n      - look at this\n      - um fite me\n      - so so annoying\n      - yEAH LIKE WHAT\n      - don’t be a n00b\n      - #PCmasterrace is not a real thing \n      - wHY\n      - nooo\n      - sometimes his accent covers up his sarcasm\n      - hahahaha\n      - he could’ve been being sarcastic\n      - isn’t he so cute\n      - today I introduced him to farm animals\n      - that's what I'm trying to do \n      - he was like Eric knows so much and eats mustard off his shorts \n      - ha no o haven't told him I eat wings \n      - oooo that sizzle \n      - have you seen in bruges? they kind of make fun of americans who can’t go up a lighthouse because they’re too fat lol\n      - um it's still his even if a woman has it for him\n      - thought tommy had a baby \n      - as it should be. Has he told you how much he works yet?\n      - wait professionally or personally? Or both?\n      - perfect\n      - where is the minidonkey watch?\n      - how's the wedding?\n      - exactly\n      - this is why you’re the smarter one\n      - yeah but you own a pizzeria\n      - that’s still a decent amount\n      - fantastic\n      - why am I a traitor?\n      - omg who are you even talking to?\n      - great…\n      - that’s not false\n      - tell these gossipy bitches to shut up about me gosh\n      - who is claiming that?\n      - omg he is such a lightweight\n      - ?\n      - yesssss\n      - so classy\n      - i didn’t think he knew anyone?\n      - oh damn that’s ratchet\n      - yeah it’s pretty decent\n      - unfortunately not\n      - but now I call people\n      - i’m leaving town at 8 am tomorrow!\n      - but the lack of internet presence still freaks me out \n      - ugh I knowwwww\n      - it’s so hard\n      - omfg I don't know if it'll happen\n      - is that maple?\n      - i think this squirrel is taking the initiative to be violent tho\n      - another reason why running is the worst\n      - so dramatic\n      - like idc lol\n      - because I’m rude and sassy?\n      - ew\n      - i pushed aside a lady and her baby yesterday\n      - hahaha I don't even yell ahead. I'm just like I have places to be celebrities to try and find\n      - pls I only listen to ny bands now \n      - who is hinder? R they a hinderance \n      - literally my goal for this weekend was copious amounts of alcohol and a keychain.\n      - rude\n      - my eye is bleeding, leave me alone\n      - laptop music\n      - aww that’s nice too\n      - literally what\n      - i was looking for cheese in the apt and got sad but then remembered lactose haters        #  - text: This is just a regular Hello World, I don't do anything ;)\n\ngoodbye:\n  typing: 3s\n  - text: No one says goodbye anymore \\uF47D\n\u0000","position":2904,"line":81,"column":2},"stack":"YAMLException: bad indentation of a mapping entry at line 82, column 3:\n      - text: No one says goodbye anym ... \n      ^\n    at generateError (/Users/ekan/git/neerja/node_modules/js-yaml/lib/js-yaml/loader.js:165:10)\n    at throwError (/Users/ekan/git/neerja/node_modules/js-yaml/lib/js-yaml/loader.js:171:9)\n    at readBlockMapping (/Users/ekan/git/neerja/node_modules/js-yaml/lib/js-yaml/loader.js:1080:7)\n    at composeNode (/Users/ekan/git/neerja/node_modules/js-yaml/lib/js-yaml/loader.js:1332:12)\n    at readDocument (/Users/ekan/git/neerja/node_modules/js-yaml/lib/js-yaml/loader.js:1492:3)\n    at loadDocuments (/Users/ekan/git/neerja/node_modules/js-yaml/lib/js-yaml/loader.js:1548:5)\n    at loadAll (/Users/ekan/git/neerja/node_modules/js-yaml/lib/js-yaml/loader.js:1556:19)\n    at Object.safeLoadAll (/Users/ekan/git/neerja/node_modules/js-yaml/lib/js-yaml/loader.js:1583:5)\n    at module.exports.module.exports (/Users/ekan/git/neerja/node_modules/botpress/lib/webpack:/src/umm/engine.js:178:8)\n    at parse (/Users/ekan/git/neerja/node_modules/botpress/lib/webpack:/src/umm/index.js:42:12)\n    at _callee3$ (/Users/ekan/git/neerja/node_modules/botpress/lib/webpack:/src/umm/index.js:177:17)\n    at tryCatch (/usr/local/lib/node_modules/botpress/node_modules/babel-polyfill/node_modules/regenerator-runtime/runtime.js:65:40)\n    at Generator.invoke [as _invoke] (/usr/local/lib/node_modules/botpress/node_modules/babel-polyfill/node_modules/regenerator-runtime/runtime.js:303:22)\n    at Generator.prototype.(anonymous function) [as next] (/usr/local/lib/node_modules/botpress/node_modules/babel-polyfill/node_modules/regenerator-runtime/runtime.js:117:21)\n    at step (/Users/ekan/git/neerja/node_modules/botpress/lib/node.bundle.js:4743:202)\n    at /Users/ekan/git/neerja/node_modules/botpress/lib/node.bundle.js:4743:383\n    at tryCatcher (/Users/ekan/git/neerja/node_modules/bluebird/js/release/util.js:16:23)\n    at Promise._settlePromiseFromHandler (/Users/ekan/git/neerja/node_modules/bluebird/js/release/promise.js:512:31)\n    at Promise._settlePromise (/Users/ekan/git/neerja/node_modules/bluebird/js/release/promise.js:569:18)\n    at Promise._settlePromise0 (/Users/ekan/git/neerja/node_modules/bluebird/js/release/promise.js:614:10)\n    at Promise._settlePromises (/Users/ekan/git/neerja/node_modules/bluebird/js/release/promise.js:693:18)\n    at Promise._fulfill (/Users/ekan/git/neerja/node_modules/bluebird/js/release/promise.js:638:18)","level":"error","timestamp":"2017-11-11T18:28:10.865Z"}
{"level":"error","message":"YAMLException: bad indentation of a mapping entry at line 82, column 3:\n      - text: No one says goodbye anym ... \n      ^\n    at generateError (/Users/ekan/git/neerja/node_modules/js-yaml/lib/js-yaml/loader.js:165:10)\n    at throwError (/Users/ekan/git/neerja/node_modules/js-yaml/lib/js-yaml/loader.js:171:9)\n    at readBlockMapping (/Users/ekan/git/neerja/node_modules/js-yaml/lib/js-yaml/loader.js:1080:7)\n    at composeNode (/Users/ekan/git/neerja/node_modules/js-yaml/lib/js-yaml/loader.js:1332:12)\n    at readDocument (/Users/ekan/git/neerja/node_modules/js-yaml/lib/js-yaml/loader.js:1492:3)\n    at loadDocuments (/Users/ekan/git/neerja/node_modules/js-yaml/lib/js-yaml/loader.js:1548:5)\n    at loadAll (/Users/ekan/git/neerja/node_modules/js-yaml/lib/js-yaml/loader.js:1556:19)\n    at Object.safeLoadAll (/Users/ekan/git/neerja/node_modules/js-yaml/lib/js-yaml/loader.js:1583:5)\n    at module.exports.module.exports (/Users/ekan/git/neerja/node_modules/botpress/lib/webpack:/src/umm/engine.js:178:8)\n    at parse (/Users/ekan/git/neerja/node_modules/botpress/lib/webpack:/src/umm/index.js:42:12)\n    at _callee3$ (/Users/ekan/git/neerja/node_modules/botpress/lib/webpack:/src/umm/index.js:177:17)\n    at tryCatch (/usr/local/lib/node_modules/botpress/node_modules/babel-polyfill/node_modules/regenerator-runtime/runtime.js:65:40)\n    at Generator.invoke [as _invoke] (/usr/local/lib/node_modules/botpress/node_modules/babel-polyfill/node_modules/regenerator-runtime/runtime.js:303:22)\n    at Generator.prototype.(anonymous function) [as next] (/usr/local/lib/node_modules/botpress/node_modules/babel-polyfill/node_modules/regenerator-runtime/runtime.js:117:21)\n    at step (/Users/ekan/git/neerja/node_modules/botpress/lib/node.bundle.js:4743:202)\n    at /Users/ekan/git/neerja/node_modules/botpress/lib/node.bundle.js:4743:383\n    at tryCatcher (/Users/ekan/git/neerja/node_modules/bluebird/js/release/util.js:16:23)\n    at Promise._settlePromiseFromHandler (/Users/ekan/git/neerja/node_modules/bluebird/js/release/promise.js:512:31)\n    at Promise._settlePromise (/Users/ekan/git/neerja/node_modules/bluebird/js/release/promise.js:569:18)\n    at Promise._settlePromise0 (/Users/ekan/git/neerja/node_modules/bluebird/js/release/promise.js:614:10)\n    at Promise._settlePromises (/Users/ekan/git/neerja/node_modules/bluebird/js/release/promise.js:693:18)\n    at Promise._fulfill (/Users/ekan/git/neerja/node_modules/bluebird/js/release/promise.js:638:18)","timestamp":"2017-11-11T18:28:10.866Z"}
{"message":"Unhandled Rejection in Promise:  Promise {\n  _bitField: 18087936,\n  _fulfillmentHandler0: \n   { YAMLException: bad indentation of a mapping entry at line 82, column 3:\n      - text: No one says goodbye anym ... \n      ^\n    at generateError (/Users/ekan/git/neerja/node_modules/js-yaml/lib/js-yaml/loader.js:165:10)\n    at throwError (/Users/ekan/git/neerja/node_modules/js-yaml/lib/js-yaml/loader.js:171:9)\n    at readBlockMapping (/Users/ekan/git/neerja/node_modules/js-yaml/lib/js-yaml/loader.js:1080:7)\n    at composeNode (/Users/ekan/git/neerja/node_modules/js-yaml/lib/js-yaml/loader.js:1332:12)\n    at readDocument (/Users/ekan/git/neerja/node_modules/js-yaml/lib/js-yaml/loader.js:1492:3)\n    at loadDocuments (/Users/ekan/git/neerja/node_modules/js-yaml/lib/js-yaml/loader.js:1548:5)\n    at loadAll (/Users/ekan/git/neerja/node_modules/js-yaml/lib/js-yaml/loader.js:1556:19)\n    at Object.safeLoadAll (/Users/ekan/git/neerja/node_modules/js-yaml/lib/js-yaml/loader.js:1583:5)\n    at module.exports.module.exports (/Users/ekan/git/neerja/node_modules/botpress/lib/webpack:/src/umm/engine.js:178:8)\n    at parse (/Users/ekan/git/neerja/node_modules/botpress/lib/webpack:/src/umm/index.js:42:12)\n    at _callee3$ (/Users/ekan/git/neerja/node_modules/botpress/lib/webpack:/src/umm/index.js:177:17)\n    at tryCatch (/usr/local/lib/node_modules/botpress/node_modules/babel-polyfill/node_modules/regenerator-runtime/runtime.js:65:40)\n    at Generator.invoke [as _invoke] (/usr/local/lib/node_modules/botpress/node_modules/babel-polyfill/node_modules/regenerator-runtime/runtime.js:303:22)\n    at Generator.prototype.(anonymous function) [as next] (/usr/local/lib/node_modules/botpress/node_modules/babel-polyfill/node_modules/regenerator-runtime/runtime.js:117:21)\n    at step (/Users/ekan/git/neerja/node_modules/botpress/lib/node.bundle.js:4743:202)\n    at /Users/ekan/git/neerja/node_modules/botpress/lib/node.bundle.js:4743:383\n    at tryCatcher (/Users/ekan/git/neerja/node_modules/bluebird/js/release/util.js:16:23)\n    at Promise._settlePromiseFromHandler (/Users/ekan/git/neerja/node_modules/bluebird/js/release/promise.js:512:31)\n    at Promise._settlePromise (/Users/ekan/git/neerja/node_modules/bluebird/js/release/promise.js:569:18)\n    at Promise._settlePromise0 (/Users/ekan/git/neerja/node_modules/bluebird/js/release/promise.js:614:10)\n    at Promise._settlePromises (/Users/ekan/git/neerja/node_modules/bluebird/js/release/promise.js:693:18)\n    at Promise._fulfill (/Users/ekan/git/neerja/node_modules/bluebird/js/release/promise.js:638:18)\n     name: 'YAMLException',\n     reason: 'bad indentation of a mapping entry',\n     mark: \n      Mark {\n        name: null,\n        buffer: 'welcome: # this is the #welcome bloc referenced in index.js\\n  - typing: true\\n    wait: 2s\\n    text: # Picks one randomly\\n      - citation needed\\n      - ugh\\n      - oh pls u nerd\\n      - this is so cool!!\\n      - no one takes pics of the cheer squad…\\n      - i’m boosting team morale\\n      - look at this\\n      - um fite me\\n      - so so annoying\\n      - yEAH LIKE WHAT\\n      - don’t be a n00b\\n      - #PCmasterrace is not a real thing \\n      - wHY\\n      - nooo\\n      - sometimes his accent covers up his sarcasm\\n      - hahahaha\\n      - he could’ve been being sarcastic\\n      - isn’t he so cute\\n      - today I introduced him to farm animals\\n      - that\\'s what I\\'m trying to do \\n      - he was like Eric knows so much and eats mustard off his shorts \\n      - ha no o haven\\'t told him I eat wings \\n      - oooo that sizzle \\n      - have you seen in bruges? they kind of make fun of americans who can’t go up a lighthouse because they’re too fat lol\\n      - um it\\'s still his even if a woman has it for him\\n      - thought tommy had a baby \\n      - as it should be. Has he told you how much he works yet?\\n      - wait professionally or personally? Or both?\\n      - perfect\\n      - where is the minidonkey watch?\\n      - how\\'s the wedding?\\n      - exactly\\n      - this is why you’re the smarter one\\n      - yeah but you own a pizzeria\\n      - that’s still a decent amount\\n      - fantastic\\n      - why am I a traitor?\\n      - omg who are you even talking to?\\n      - great…\\n      - that’s not false\\n      - tell these gossipy bitches to shut up about me gosh\\n      - who is claiming that?\\n      - omg he is such a lightweight\\n      - ?\\n      - yesssss\\n      - so classy\\n      - i didn’t think he knew anyone?\\n      - oh damn that’s ratchet\\n      - yeah it’s pretty decent\\n      - unfortunately not\\n      - but now I call people\\n      - i’m leaving town at 8 am tomorrow!\\n      - but the lack of internet presence still freaks me out \\n      - ugh I knowwwww\\n      - it’s so hard\\n      - omfg I don\\'t know if it\\'ll happen\\n      - is that maple?\\n      - i think this squirrel is taking the initiative to be violent tho\\n      - another reason why running is the worst\\n      - so dramatic\\n      - like idc lol\\n      - because I’m rude and sassy?\\n      - ew\\n      - i pushed aside a lady and her baby yesterday\\n      - hahaha I don\\'t even yell ahead. I\\'m just like I have places to be celebrities to try and find\\n      - pls I only listen to ny bands now \\n      - who is hinder? R they a hinderance \\n      - literally my goal for this weekend was copious amounts of alcohol and a keychain.\\n      - rude\\n      - my eye is bleeding, leave me alone\\n      - laptop music\\n      - aww that’s nice too\\n      - literally what\\n      - i was looking for cheese in the apt and got sad but then remembered lactose haters        #  - text: This is just a regular Hello World, I don\\'t do anything ;)\\n\\ngoodbye:\\n  typing: 3s\\n  - text: No one says goodbye anymore \\\\uF47D\\n\\u0000',\n        position: 2904,\n        line: 81,\n        column: 2 },\n     message: 'bad indentation of a mapping entry at line 82, column 3:\\n      - text: No one says goodbye anym ... \\n      ^' },\n  _rejectionHandler0: undefined,\n  _promise0: undefined,\n  _receiver0: undefined } Reason:","name":"YAMLException","reason":"bad indentation of a mapping entry","mark":{"name":null,"buffer":"welcome: # this is the #welcome bloc referenced in index.js\n  - typing: true\n    wait: 2s\n    text: # Picks one randomly\n      - citation needed\n      - ugh\n      - oh pls u nerd\n      - this is so cool!!\n      - no one takes pics of the cheer squad…\n      - i’m boosting team morale\n      - look at this\n      - um fite me\n      - so so annoying\n      - yEAH LIKE WHAT\n      - don’t be a n00b\n      - #PCmasterrace is not a real thing \n      - wHY\n      - nooo\n      - sometimes his accent covers up his sarcasm\n      - hahahaha\n      - he could’ve been being sarcastic\n      - isn’t he so cute\n      - today I introduced him to farm animals\n      - that's what I'm trying to do \n      - he was like Eric knows so much and eats mustard off his shorts \n      - ha no o haven't told him I eat wings \n      - oooo that sizzle \n      - have you seen in bruges? they kind of make fun of americans who can’t go up a lighthouse because they’re too fat lol\n      - um it's still his even if a woman has it for him\n      - thought tommy had a baby \n      - as it should be. Has he told you how much he works yet?\n      - wait professionally or personally? Or both?\n      - perfect\n      - where is the minidonkey watch?\n      - how's the wedding?\n      - exactly\n      - this is why you’re the smarter one\n      - yeah but you own a pizzeria\n      - that’s still a decent amount\n      - fantastic\n      - why am I a traitor?\n      - omg who are you even talking to?\n      - great…\n      - that’s not false\n      - tell these gossipy bitches to shut up about me gosh\n      - who is claiming that?\n      - omg he is such a lightweight\n      - ?\n      - yesssss\n      - so classy\n      - i didn’t think he knew anyone?\n      - oh damn that’s ratchet\n      - yeah it’s pretty decent\n      - unfortunately not\n      - but now I call people\n      - i’m leaving town at 8 am tomorrow!\n      - but the lack of internet presence still freaks me out \n      - ugh I knowwwww\n      - it’s so hard\n      - omfg I don't know if it'll happen\n      - is that maple?\n      - i think this squirrel is taking the initiative to be violent tho\n      - another reason why running is the worst\n      - so dramatic\n      - like idc lol\n      - because I’m rude and sassy?\n      - ew\n      - i pushed aside a lady and her baby yesterday\n      - hahaha I don't even yell ahead. I'm just like I have places to be celebrities to try and find\n      - pls I only listen to ny bands now \n      - who is hinder? R they a hinderance \n      - literally my goal for this weekend was copious amounts of alcohol and a keychain.\n      - rude\n      - my eye is bleeding, leave me alone\n      - laptop music\n      - aww that’s nice too\n      - literally what\n      - i was looking for cheese in the apt and got sad but then remembered lactose haters        #  - text: This is just a regular Hello World, I don't do anything ;)\n\ngoodbye:\n  typing: 3s\n  - text: No one says goodbye anymore \\uF47D\n\u0000","position":2904,"line":81,"column":2},"stack":"YAMLException: bad indentation of a mapping entry at line 82, column 3:\n      - text: No one says goodbye anym ... \n      ^\n    at generateError (/Users/ekan/git/neerja/node_modules/js-yaml/lib/js-yaml/loader.js:165:10)\n    at throwError (/Users/ekan/git/neerja/node_modules/js-yaml/lib/js-yaml/loader.js:171:9)\n    at readBlockMapping (/Users/ekan/git/neerja/node_modules/js-yaml/lib/js-yaml/loader.js:1080:7)\n    at composeNode (/Users/ekan/git/neerja/node_modules/js-yaml/lib/js-yaml/loader.js:1332:12)\n    at readDocument (/Users/ekan/git/neerja/node_modules/js-yaml/lib/js-yaml/loader.js:1492:3)\n    at loadDocuments (/Users/ekan/git/neerja/node_modules/js-yaml/lib/js-yaml/loader.js:1548:5)\n    at loadAll (/Users/ekan/git/neerja/node_modules/js-yaml/lib/js-yaml/loader.js:1556:19)\n    at Object.safeLoadAll (/Users/ekan/git/neerja/node_modules/js-yaml/lib/js-yaml/loader.js:1583:5)\n    at module.exports.module.exports (/Users/ekan/git/neerja/node_modules/botpress/lib/webpack:/src/umm/engine.js:178:8)\n    at parse (/Users/ekan/git/neerja/node_modules/botpress/lib/webpack:/src/umm/index.js:42:12)\n    at _callee3$ (/Users/ekan/git/neerja/node_modules/botpress/lib/webpack:/src/umm/index.js:177:17)\n    at tryCatch (/usr/local/lib/node_modules/botpress/node_modules/babel-polyfill/node_modules/regenerator-runtime/runtime.js:65:40)\n    at Generator.invoke [as _invoke] (/usr/local/lib/node_modules/botpress/node_modules/babel-polyfill/node_modules/regenerator-runtime/runtime.js:303:22)\n    at Generator.prototype.(anonymous function) [as next] (/usr/local/lib/node_modules/botpress/node_modules/babel-polyfill/node_modules/regenerator-runtime/runtime.js:117:21)\n    at step (/Users/ekan/git/neerja/node_modules/botpress/lib/node.bundle.js:4743:202)\n    at /Users/ekan/git/neerja/node_modules/botpress/lib/node.bundle.js:4743:383\n    at tryCatcher (/Users/ekan/git/neerja/node_modules/bluebird/js/release/util.js:16:23)\n    at Promise._settlePromiseFromHandler (/Users/ekan/git/neerja/node_modules/bluebird/js/release/promise.js:512:31)\n    at Promise._settlePromise (/Users/ekan/git/neerja/node_modules/bluebird/js/release/promise.js:569:18)\n    at Promise._settlePromise0 (/Users/ekan/git/neerja/node_modules/bluebird/js/release/promise.js:614:10)\n    at Promise._settlePromises (/Users/ekan/git/neerja/node_modules/bluebird/js/release/promise.js:693:18)\n    at Promise._fulfill (/Users/ekan/git/neerja/node_modules/bluebird/js/release/promise.js:638:18)","level":"error","timestamp":"2017-11-11T18:28:19.550Z"}
{"level":"error","message":"YAMLException: bad indentation of a mapping entry at line 82, column 3:\n      - text: No one says goodbye anym ... \n      ^\n    at generateError (/Users/ekan/git/neerja/node_modules/js-yaml/lib/js-yaml/loader.js:165:10)\n    at throwError (/Users/ekan/git/neerja/node_modules/js-yaml/lib/js-yaml/loader.js:171:9)\n    at readBlockMapping (/Users/ekan/git/neerja/node_modules/js-yaml/lib/js-yaml/loader.js:1080:7)\n    at composeNode (/Users/ekan/git/neerja/node_modules/js-yaml/lib/js-yaml/loader.js:1332:12)\n    at readDocument (/Users/ekan/git/neerja/node_modules/js-yaml/lib/js-yaml/loader.js:1492:3)\n    at loadDocuments (/Users/ekan/git/neerja/node_modules/js-yaml/lib/js-yaml/loader.js:1548:5)\n    at loadAll (/Users/ekan/git/neerja/node_modules/js-yaml/lib/js-yaml/loader.js:1556:19)\n    at Object.safeLoadAll (/Users/ekan/git/neerja/node_modules/js-yaml/lib/js-yaml/loader.js:1583:5)\n    at module.exports.module.exports (/Users/ekan/git/neerja/node_modules/botpress/lib/webpack:/src/umm/engine.js:178:8)\n    at parse (/Users/ekan/git/neerja/node_modules/botpress/lib/webpack:/src/umm/index.js:42:12)\n    at _callee3$ (/Users/ekan/git/neerja/node_modules/botpress/lib/webpack:/src/umm/index.js:177:17)\n    at tryCatch (/usr/local/lib/node_modules/botpress/node_modules/babel-polyfill/node_modules/regenerator-runtime/runtime.js:65:40)\n    at Generator.invoke [as _invoke] (/usr/local/lib/node_modules/botpress/node_modules/babel-polyfill/node_modules/regenerator-runtime/runtime.js:303:22)\n    at Generator.prototype.(anonymous function) [as next] (/usr/local/lib/node_modules/botpress/node_modules/babel-polyfill/node_modules/regenerator-runtime/runtime.js:117:21)\n    at step (/Users/ekan/git/neerja/node_modules/botpress/lib/node.bundle.js:4743:202)\n    at /Users/ekan/git/neerja/node_modules/botpress/lib/node.bundle.js:4743:383\n    at tryCatcher (/Users/ekan/git/neerja/node_modules/bluebird/js/release/util.js:16:23)\n    at Promise._settlePromiseFromHandler (/Users/ekan/git/neerja/node_modules/bluebird/js/release/promise.js:512:31)\n    at Promise._settlePromise (/Users/ekan/git/neerja/node_modules/bluebird/js/release/promise.js:569:18)\n    at Promise._settlePromise0 (/Users/ekan/git/neerja/node_modules/bluebird/js/release/promise.js:614:10)\n    at Promise._settlePromises (/Users/ekan/git/neerja/node_modules/bluebird/js/release/promise.js:693:18)\n    at Promise._fulfill (/Users/ekan/git/neerja/node_modules/bluebird/js/release/promise.js:638:18)","timestamp":"2017-11-11T18:28:19.551Z"}
{"level":"info","message":"Starting botpress version 1.1.10","timestamp":"2017-11-11T18:28:50.508Z"}
{"level":"info","message":"Loaded botpress-analytics, version 2.2.4","timestamp":"2017-11-11T18:28:50.926Z"}
{"level":"verbose","message":"[UMM] Enabled for web","timestamp":"2017-11-11T18:28:50.930Z"}
{"level":"info","message":"Loaded botpress-web, version 1.2.3","timestamp":"2017-11-11T18:28:50.930Z"}
{"level":"info","message":"Loaded 2 modules","timestamp":"2017-11-11T18:28:50.930Z"}
{"level":"debug","message":"Loading middleware: analytics.outgoing","timestamp":"2017-11-11T18:28:50.962Z"}
{"level":"debug","message":"Loading middleware: UMM.instrumentation","timestamp":"2017-11-11T18:28:50.962Z"}
{"level":"debug","message":"Loading middleware: analytics.incoming","timestamp":"2017-11-11T18:28:50.963Z"}
{"level":"debug","message":"Loading middleware: hear","timestamp":"2017-11-11T18:28:50.963Z"}
{"level":"debug","message":"Loading middleware: conversations","timestamp":"2017-11-11T18:28:50.963Z"}
{"level":"debug","message":"Loading middleware: web.sendMessages","timestamp":"2017-11-11T18:28:50.963Z"}
{"level":"debug","message":"Loading middleware: fallback","timestamp":"2017-11-11T18:28:50.964Z"}
{"level":"info","message":"\u001b[32m\u001b[1mBot launched. Visit: http://localhost:3000\u001b[22m\u001b[39m","timestamp":"2017-11-11T18:28:51.063Z"}
{"message":"Unhandled Rejection in Promise:  Promise {\n  _bitField: 18087936,\n  _fulfillmentHandler0: \n   { YAMLException: bad indentation of a mapping entry at line 82, column 11:\n        - text: No one says goodbye anymore \\uF47D\n              ^\n    at generateError (/Users/ekan/git/neerja/node_modules/js-yaml/lib/js-yaml/loader.js:165:10)\n    at throwError (/Users/ekan/git/neerja/node_modules/js-yaml/lib/js-yaml/loader.js:171:9)\n    at readBlockMapping (/Users/ekan/git/neerja/node_modules/js-yaml/lib/js-yaml/loader.js:1080:7)\n    at composeNode (/Users/ekan/git/neerja/node_modules/js-yaml/lib/js-yaml/loader.js:1332:12)\n    at readBlockMapping (/Users/ekan/git/neerja/node_modules/js-yaml/lib/js-yaml/loader.js:1062:11)\n    at composeNode (/Users/ekan/git/neerja/node_modules/js-yaml/lib/js-yaml/loader.js:1332:12)\n    at readDocument (/Users/ekan/git/neerja/node_modules/js-yaml/lib/js-yaml/loader.js:1492:3)\n    at loadDocuments (/Users/ekan/git/neerja/node_modules/js-yaml/lib/js-yaml/loader.js:1548:5)\n    at loadAll (/Users/ekan/git/neerja/node_modules/js-yaml/lib/js-yaml/loader.js:1556:19)\n    at Object.safeLoadAll (/Users/ekan/git/neerja/node_modules/js-yaml/lib/js-yaml/loader.js:1583:5)\n    at module.exports.module.exports (/Users/ekan/git/neerja/node_modules/botpress/lib/webpack:/src/umm/engine.js:178:8)\n    at parse (/Users/ekan/git/neerja/node_modules/botpress/lib/webpack:/src/umm/index.js:42:12)\n    at _callee3$ (/Users/ekan/git/neerja/node_modules/botpress/lib/webpack:/src/umm/index.js:177:17)\n    at tryCatch (/usr/local/lib/node_modules/botpress/node_modules/babel-polyfill/node_modules/regenerator-runtime/runtime.js:65:40)\n    at Generator.invoke [as _invoke] (/usr/local/lib/node_modules/botpress/node_modules/babel-polyfill/node_modules/regenerator-runtime/runtime.js:303:22)\n    at Generator.prototype.(anonymous function) [as next] (/usr/local/lib/node_modules/botpress/node_modules/babel-polyfill/node_modules/regenerator-runtime/runtime.js:117:21)\n    at step (/Users/ekan/git/neerja/node_modules/botpress/lib/node.bundle.js:4743:202)\n    at /Users/ekan/git/neerja/node_modules/botpress/lib/node.bundle.js:4743:383\n    at tryCatcher (/Users/ekan/git/neerja/node_modules/bluebird/js/release/util.js:16:23)\n    at Promise._settlePromiseFromHandler (/Users/ekan/git/neerja/node_modules/bluebird/js/release/promise.js:512:31)\n    at Promise._settlePromise (/Users/ekan/git/neerja/node_modules/bluebird/js/release/promise.js:569:18)\n    at Promise._settlePromise0 (/Users/ekan/git/neerja/node_modules/bluebird/js/release/promise.js:614:10)\n     name: 'YAMLException',\n     reason: 'bad indentation of a mapping entry',\n     mark: \n      Mark {\n        name: null,\n        buffer: 'welcome: # this is the #welcome bloc referenced in index.js\\n  - typing: true\\n    wait: 2s\\n    text: # Picks one randomly\\n      - citation needed\\n      - ugh\\n      - oh pls u nerd\\n      - this is so cool!!\\n      - no one takes pics of the cheer squad…\\n      - i’m boosting team morale\\n      - look at this\\n      - um fite me\\n      - so so annoying\\n      - yEAH LIKE WHAT\\n      - don’t be a n00b\\n      - #PCmasterrace is not a real thing \\n      - wHY\\n      - nooo\\n      - sometimes his accent covers up his sarcasm\\n      - hahahaha\\n      - he could’ve been being sarcastic\\n      - isn’t he so cute\\n      - today I introduced him to farm animals\\n      - that\\'s what I\\'m trying to do \\n      - he was like Eric knows so much and eats mustard off his shorts \\n      - ha no o haven\\'t told him I eat wings \\n      - oooo that sizzle \\n      - have you seen in bruges? they kind of make fun of americans who can’t go up a lighthouse because they’re too fat lol\\n      - um it\\'s still his even if a woman has it for him\\n      - thought tommy had a baby \\n      - as it should be. Has he told you how much he works yet?\\n      - wait professionally or personally? Or both?\\n      - perfect\\n      - where is the minidonkey watch?\\n      - how\\'s the wedding?\\n      - exactly\\n      - this is why you’re the smarter one\\n      - yeah but you own a pizzeria\\n      - that’s still a decent amount\\n      - fantastic\\n      - why am I a traitor?\\n      - omg who are you even talking to?\\n      - great…\\n      - that’s not false\\n      - tell these gossipy bitches to shut up about me gosh\\n      - who is claiming that?\\n      - omg he is such a lightweight\\n      - ?\\n      - yesssss\\n      - so classy\\n      - i didn’t think he knew anyone?\\n      - oh damn that’s ratchet\\n      - yeah it’s pretty decent\\n      - unfortunately not\\n      - but now I call people\\n      - i’m leaving town at 8 am tomorrow!\\n      - but the lack of internet presence still freaks me out \\n      - ugh I knowwwww\\n      - it’s so hard\\n      - omfg I don\\'t know if it\\'ll happen\\n      - is that maple?\\n      - i think this squirrel is taking the initiative to be violent tho\\n      - another reason why running is the worst\\n      - so dramatic\\n      - like idc lol\\n      - because I’m rude and sassy?\\n      - ew\\n      - i pushed aside a lady and her baby yesterday\\n      - hahaha I don\\'t even yell ahead. I\\'m just like I have places to be celebrities to try and find\\n      - pls I only listen to ny bands now \\n      - who is hinder? R they a hinderance \\n      - literally my goal for this weekend was copious amounts of alcohol and a keychain.\\n      - rude\\n      - my eye is bleeding, leave me alone\\n      - laptop music\\n      - aww that’s nice too\\n      - literally what\\n      - i was looking for cheese in the apt and got sad but then remembered lactose haters        #  - text: This is just a regular Hello World, I don\\'t do anything ;)\\n\\ngoodbye:\\n  typing: 3s\\n    - text: No one says goodbye anymore \\\\uF47D\\n\\u0000',\n        position: 2912,\n        line: 81,\n        column: 10 },\n     message: 'bad indentation of a mapping entry at line 82, column 11:\\n        - text: No one says goodbye anymore \\\\uF47D\\n              ^' },\n  _rejectionHandler0: undefined,\n  _promise0: undefined,\n  _receiver0: undefined } Reason:","name":"YAMLException","reason":"bad indentation of a mapping entry","mark":{"name":null,"buffer":"welcome: # this is the #welcome bloc referenced in index.js\n  - typing: true\n    wait: 2s\n    text: # Picks one randomly\n      - citation needed\n      - ugh\n      - oh pls u nerd\n      - this is so cool!!\n      - no one takes pics of the cheer squad…\n      - i’m boosting team morale\n      - look at this\n      - um fite me\n      - so so annoying\n      - yEAH LIKE WHAT\n      - don’t be a n00b\n      - #PCmasterrace is not a real thing \n      - wHY\n      - nooo\n      - sometimes his accent covers up his sarcasm\n      - hahahaha\n      - he could’ve been being sarcastic\n      - isn’t he so cute\n      - today I introduced him to farm animals\n      - that's what I'm trying to do \n      - he was like Eric knows so much and eats mustard off his shorts \n      - ha no o haven't told him I eat wings \n      - oooo that sizzle \n      - have you seen in bruges? they kind of make fun of americans who can’t go up a lighthouse because they’re too fat lol\n      - um it's still his even if a woman has it for him\n      - thought tommy had a baby \n      - as it should be. Has he told you how much he works yet?\n      - wait professionally or personally? Or both?\n      - perfect\n      - where is the minidonkey watch?\n      - how's the wedding?\n      - exactly\n      - this is why you’re the smarter one\n      - yeah but you own a pizzeria\n      - that’s still a decent amount\n      - fantastic\n      - why am I a traitor?\n      - omg who are you even talking to?\n      - great…\n      - that’s not false\n      - tell these gossipy bitches to shut up about me gosh\n      - who is claiming that?\n      - omg he is such a lightweight\n      - ?\n      - yesssss\n      - so classy\n      - i didn’t think he knew anyone?\n      - oh damn that’s ratchet\n      - yeah it’s pretty decent\n      - unfortunately not\n      - but now I call people\n      - i’m leaving town at 8 am tomorrow!\n      - but the lack of internet presence still freaks me out \n      - ugh I knowwwww\n      - it’s so hard\n      - omfg I don't know if it'll happen\n      - is that maple?\n      - i think this squirrel is taking the initiative to be violent tho\n      - another reason why running is the worst\n      - so dramatic\n      - like idc lol\n      - because I’m rude and sassy?\n      - ew\n      - i pushed aside a lady and her baby yesterday\n      - hahaha I don't even yell ahead. I'm just like I have places to be celebrities to try and find\n      - pls I only listen to ny bands now \n      - who is hinder? R they a hinderance \n      - literally my goal for this weekend was copious amounts of alcohol and a keychain.\n      - rude\n      - my eye is bleeding, leave me alone\n      - laptop music\n      - aww that’s nice too\n      - literally what\n      - i was looking for cheese in the apt and got sad but then remembered lactose haters        #  - text: This is just a regular Hello World, I don't do anything ;)\n\ngoodbye:\n  typing: 3s\n    - text: No one says goodbye anymore \\uF47D\n\u0000","position":2912,"line":81,"column":10},"stack":"YAMLException: bad indentation of a mapping entry at line 82, column 11:\n        - text: No one says goodbye anymore \\uF47D\n              ^\n    at generateError (/Users/ekan/git/neerja/node_modules/js-yaml/lib/js-yaml/loader.js:165:10)\n    at throwError (/Users/ekan/git/neerja/node_modules/js-yaml/lib/js-yaml/loader.js:171:9)\n    at readBlockMapping (/Users/ekan/git/neerja/node_modules/js-yaml/lib/js-yaml/loader.js:1080:7)\n    at composeNode (/Users/ekan/git/neerja/node_modules/js-yaml/lib/js-yaml/loader.js:1332:12)\n    at readBlockMapping (/Users/ekan/git/neerja/node_modules/js-yaml/lib/js-yaml/loader.js:1062:11)\n    at composeNode (/Users/ekan/git/neerja/node_modules/js-yaml/lib/js-yaml/loader.js:1332:12)\n    at readDocument (/Users/ekan/git/neerja/node_modules/js-yaml/lib/js-yaml/loader.js:1492:3)\n    at loadDocuments (/Users/ekan/git/neerja/node_modules/js-yaml/lib/js-yaml/loader.js:1548:5)\n    at loadAll (/Users/ekan/git/neerja/node_modules/js-yaml/lib/js-yaml/loader.js:1556:19)\n    at Object.safeLoadAll (/Users/ekan/git/neerja/node_modules/js-yaml/lib/js-yaml/loader.js:1583:5)\n    at module.exports.module.exports (/Users/ekan/git/neerja/node_modules/botpress/lib/webpack:/src/umm/engine.js:178:8)\n    at parse (/Users/ekan/git/neerja/node_modules/botpress/lib/webpack:/src/umm/index.js:42:12)\n    at _callee3$ (/Users/ekan/git/neerja/node_modules/botpress/lib/webpack:/src/umm/index.js:177:17)\n    at tryCatch (/usr/local/lib/node_modules/botpress/node_modules/babel-polyfill/node_modules/regenerator-runtime/runtime.js:65:40)\n    at Generator.invoke [as _invoke] (/usr/local/lib/node_modules/botpress/node_modules/babel-polyfill/node_modules/regenerator-runtime/runtime.js:303:22)\n    at Generator.prototype.(anonymous function) [as next] (/usr/local/lib/node_modules/botpress/node_modules/babel-polyfill/node_modules/regenerator-runtime/runtime.js:117:21)\n    at step (/Users/ekan/git/neerja/node_modules/botpress/lib/node.bundle.js:4743:202)\n    at /Users/ekan/git/neerja/node_modules/botpress/lib/node.bundle.js:4743:383\n    at tryCatcher (/Users/ekan/git/neerja/node_modules/bluebird/js/release/util.js:16:23)\n    at Promise._settlePromiseFromHandler (/Users/ekan/git/neerja/node_modules/bluebird/js/release/promise.js:512:31)\n    at Promise._settlePromise (/Users/ekan/git/neerja/node_modules/bluebird/js/release/promise.js:569:18)\n    at Promise._settlePromise0 (/Users/ekan/git/neerja/node_modules/bluebird/js/release/promise.js:614:10)","level":"error","timestamp":"2017-11-11T18:28:58.160Z"}
{"level":"error","message":"YAMLException: bad indentation of a mapping entry at line 82, column 11:\n        - text: No one says goodbye anymore \\uF47D\n              ^\n    at generateError (/Users/ekan/git/neerja/node_modules/js-yaml/lib/js-yaml/loader.js:165:10)\n    at throwError (/Users/ekan/git/neerja/node_modules/js-yaml/lib/js-yaml/loader.js:171:9)\n    at readBlockMapping (/Users/ekan/git/neerja/node_modules/js-yaml/lib/js-yaml/loader.js:1080:7)\n    at composeNode (/Users/ekan/git/neerja/node_modules/js-yaml/lib/js-yaml/loader.js:1332:12)\n    at readBlockMapping (/Users/ekan/git/neerja/node_modules/js-yaml/lib/js-yaml/loader.js:1062:11)\n    at composeNode (/Users/ekan/git/neerja/node_modules/js-yaml/lib/js-yaml/loader.js:1332:12)\n    at readDocument (/Users/ekan/git/neerja/node_modules/js-yaml/lib/js-yaml/loader.js:1492:3)\n    at loadDocuments (/Users/ekan/git/neerja/node_modules/js-yaml/lib/js-yaml/loader.js:1548:5)\n    at loadAll (/Users/ekan/git/neerja/node_modules/js-yaml/lib/js-yaml/loader.js:1556:19)\n    at Object.safeLoadAll (/Users/ekan/git/neerja/node_modules/js-yaml/lib/js-yaml/loader.js:1583:5)\n    at module.exports.module.exports (/Users/ekan/git/neerja/node_modules/botpress/lib/webpack:/src/umm/engine.js:178:8)\n    at parse (/Users/ekan/git/neerja/node_modules/botpress/lib/webpack:/src/umm/index.js:42:12)\n    at _callee3$ (/Users/ekan/git/neerja/node_modules/botpress/lib/webpack:/src/umm/index.js:177:17)\n    at tryCatch (/usr/local/lib/node_modules/botpress/node_modules/babel-polyfill/node_modules/regenerator-runtime/runtime.js:65:40)\n    at Generator.invoke [as _invoke] (/usr/local/lib/node_modules/botpress/node_modules/babel-polyfill/node_modules/regenerator-runtime/runtime.js:303:22)\n    at Generator.prototype.(anonymous function) [as next] (/usr/local/lib/node_modules/botpress/node_modules/babel-polyfill/node_modules/regenerator-runtime/runtime.js:117:21)\n    at step (/Users/ekan/git/neerja/node_modules/botpress/lib/node.bundle.js:4743:202)\n    at /Users/ekan/git/neerja/node_modules/botpress/lib/node.bundle.js:4743:383\n    at tryCatcher (/Users/ekan/git/neerja/node_modules/bluebird/js/release/util.js:16:23)\n    at Promise._settlePromiseFromHandler (/Users/ekan/git/neerja/node_modules/bluebird/js/release/promise.js:512:31)\n    at Promise._settlePromise (/Users/ekan/git/neerja/node_modules/bluebird/js/release/promise.js:569:18)\n    at Promise._settlePromise0 (/Users/ekan/git/neerja/node_modules/bluebird/js/release/promise.js:614:10)","timestamp":"2017-11-11T18:28:58.163Z"}
{"level":"debug","message":"botpress-analytics: recompiling analytics","timestamp":"2017-11-11T18:31:01.126Z"}
{"level":"info","message":"Starting botpress version 1.1.10","timestamp":"2017-11-11T18:31:10.631Z"}
{"level":"info","message":"Loaded botpress-analytics, version 2.2.4","timestamp":"2017-11-11T18:31:11.082Z"}
{"level":"verbose","message":"[UMM] Enabled for web","timestamp":"2017-11-11T18:31:11.086Z"}
{"level":"info","message":"Loaded botpress-web, version 1.2.3","timestamp":"2017-11-11T18:31:11.086Z"}
{"level":"info","message":"Loaded 2 modules","timestamp":"2017-11-11T18:31:11.086Z"}
{"level":"debug","message":"Loading middleware: analytics.outgoing","timestamp":"2017-11-11T18:31:11.103Z"}
{"level":"debug","message":"Loading middleware: UMM.instrumentation","timestamp":"2017-11-11T18:31:11.104Z"}
{"level":"debug","message":"Loading middleware: analytics.incoming","timestamp":"2017-11-11T18:31:11.104Z"}
{"level":"debug","message":"Loading middleware: hear","timestamp":"2017-11-11T18:31:11.105Z"}
{"level":"debug","message":"Loading middleware: conversations","timestamp":"2017-11-11T18:31:11.105Z"}
{"level":"debug","message":"Loading middleware: web.sendMessages","timestamp":"2017-11-11T18:31:11.106Z"}
{"level":"debug","message":"Loading middleware: fallback","timestamp":"2017-11-11T18:31:11.107Z"}
{"level":"info","message":"\u001b[32m\u001b[1mBot launched. Visit: http://localhost:3000\u001b[22m\u001b[39m","timestamp":"2017-11-11T18:31:11.182Z"}
{"message":"Unhandled Rejection in Promise:  Promise {\n  _bitField: 18087936,\n  _fulfillmentHandler0: Error: Unrecognized instruction on Web in bloc 'welcome': { typing: 1000 }\n    at _processOutgoing (/Users/ekan/git/neerja/node_modules/botpress-web/bin/webpack:/src/umm.js:74:9)\n    at processOutgoing (/Users/ekan/git/neerja/node_modules/botpress-web/bin/webpack:/src/umm.js:82:30)\n    at mapInstruction (/Users/ekan/git/neerja/node_modules/botpress/lib/webpack:/src/umm/engine.js:126:19)\n    at /Users/ekan/git/neerja/node_modules/botpress/lib/webpack:/src/umm/engine.js:158:17\n    at arrayEach (/Users/ekan/git/neerja/node_modules/lodash/lodash.js:537:11)\n    at Function.forEach (/Users/ekan/git/neerja/node_modules/lodash/lodash.js:9359:14)\n    at mapBloc (/Users/ekan/git/neerja/node_modules/botpress/lib/webpack:/src/umm/engine.js:157:7)\n    at /Users/ekan/git/neerja/node_modules/lodash/lodash.js:13379:38\n    at /Users/ekan/git/neerja/node_modules/lodash/lodash.js:4944:15\n    at baseForOwn (/Users/ekan/git/neerja/node_modules/lodash/lodash.js:3001:24)\n    at Function.mapValues (/Users/ekan/git/neerja/node_modules/lodash/lodash.js:13378:7)\n    at mapBlocs (/Users/ekan/git/neerja/node_modules/botpress/lib/webpack:/src/umm/engine.js:27:12)\n    at module.exports.module.exports (/Users/ekan/git/neerja/node_modules/botpress/lib/webpack:/src/umm/engine.js:180:10)\n    at parse (/Users/ekan/git/neerja/node_modules/botpress/lib/webpack:/src/umm/index.js:42:12)\n    at _callee3$ (/Users/ekan/git/neerja/node_modules/botpress/lib/webpack:/src/umm/index.js:177:17)\n    at tryCatch (/usr/local/lib/node_modules/botpress/node_modules/babel-polyfill/node_modules/regenerator-runtime/runtime.js:65:40)\n    at Generator.invoke [as _invoke] (/usr/local/lib/node_modules/botpress/node_modules/babel-polyfill/node_modules/regenerator-runtime/runtime.js:303:22)\n    at Generator.prototype.(anonymous function) [as next] (/usr/local/lib/node_modules/botpress/node_modules/babel-polyfill/node_modules/regenerator-runtime/runtime.js:117:21)\n    at step (/Users/ekan/git/neerja/node_modules/botpress/lib/node.bundle.js:4743:202)\n    at /Users/ekan/git/neerja/node_modules/botpress/lib/node.bundle.js:4743:383\n    at tryCatcher (/Users/ekan/git/neerja/node_modules/bluebird/js/release/util.js:16:23)\n    at Promise._settlePromiseFromHandler (/Users/ekan/git/neerja/node_modules/bluebird/js/release/promise.js:512:31),\n  _rejectionHandler0: undefined,\n  _promise0: undefined,\n  _receiver0: undefined } Reason:","stack":"Error: Unrecognized instruction on Web in bloc 'welcome': { typing: 1000 }\n    at _processOutgoing (/Users/ekan/git/neerja/node_modules/botpress-web/bin/webpack:/src/umm.js:74:9)\n    at processOutgoing (/Users/ekan/git/neerja/node_modules/botpress-web/bin/webpack:/src/umm.js:82:30)\n    at mapInstruction (/Users/ekan/git/neerja/node_modules/botpress/lib/webpack:/src/umm/engine.js:126:19)\n    at /Users/ekan/git/neerja/node_modules/botpress/lib/webpack:/src/umm/engine.js:158:17\n    at arrayEach (/Users/ekan/git/neerja/node_modules/lodash/lodash.js:537:11)\n    at Function.forEach (/Users/ekan/git/neerja/node_modules/lodash/lodash.js:9359:14)\n    at mapBloc (/Users/ekan/git/neerja/node_modules/botpress/lib/webpack:/src/umm/engine.js:157:7)\n    at /Users/ekan/git/neerja/node_modules/lodash/lodash.js:13379:38\n    at /Users/ekan/git/neerja/node_modules/lodash/lodash.js:4944:15\n    at baseForOwn (/Users/ekan/git/neerja/node_modules/lodash/lodash.js:3001:24)\n    at Function.mapValues (/Users/ekan/git/neerja/node_modules/lodash/lodash.js:13378:7)\n    at mapBlocs (/Users/ekan/git/neerja/node_modules/botpress/lib/webpack:/src/umm/engine.js:27:12)\n    at module.exports.module.exports (/Users/ekan/git/neerja/node_modules/botpress/lib/webpack:/src/umm/engine.js:180:10)\n    at parse (/Users/ekan/git/neerja/node_modules/botpress/lib/webpack:/src/umm/index.js:42:12)\n    at _callee3$ (/Users/ekan/git/neerja/node_modules/botpress/lib/webpack:/src/umm/index.js:177:17)\n    at tryCatch (/usr/local/lib/node_modules/botpress/node_modules/babel-polyfill/node_modules/regenerator-runtime/runtime.js:65:40)\n    at Generator.invoke [as _invoke] (/usr/local/lib/node_modules/botpress/node_modules/babel-polyfill/node_modules/regenerator-runtime/runtime.js:303:22)\n    at Generator.prototype.(anonymous function) [as next] (/usr/local/lib/node_modules/botpress/node_modules/babel-polyfill/node_modules/regenerator-runtime/runtime.js:117:21)\n    at step (/Users/ekan/git/neerja/node_modules/botpress/lib/node.bundle.js:4743:202)\n    at /Users/ekan/git/neerja/node_modules/botpress/lib/node.bundle.js:4743:383\n    at tryCatcher (/Users/ekan/git/neerja/node_modules/bluebird/js/release/util.js:16:23)\n    at Promise._settlePromiseFromHandler (/Users/ekan/git/neerja/node_modules/bluebird/js/release/promise.js:512:31)","level":"error","timestamp":"2017-11-11T18:31:36.615Z"}
{"level":"error","message":"Error: Unrecognized instruction on Web in bloc 'welcome': { typing: 1000 }\n    at _processOutgoing (/Users/ekan/git/neerja/node_modules/botpress-web/bin/webpack:/src/umm.js:74:9)\n    at processOutgoing (/Users/ekan/git/neerja/node_modules/botpress-web/bin/webpack:/src/umm.js:82:30)\n    at mapInstruction (/Users/ekan/git/neerja/node_modules/botpress/lib/webpack:/src/umm/engine.js:126:19)\n    at /Users/ekan/git/neerja/node_modules/botpress/lib/webpack:/src/umm/engine.js:158:17\n    at arrayEach (/Users/ekan/git/neerja/node_modules/lodash/lodash.js:537:11)\n    at Function.forEach (/Users/ekan/git/neerja/node_modules/lodash/lodash.js:9359:14)\n    at mapBloc (/Users/ekan/git/neerja/node_modules/botpress/lib/webpack:/src/umm/engine.js:157:7)\n    at /Users/ekan/git/neerja/node_modules/lodash/lodash.js:13379:38\n    at /Users/ekan/git/neerja/node_modules/lodash/lodash.js:4944:15\n    at baseForOwn (/Users/ekan/git/neerja/node_modules/lodash/lodash.js:3001:24)\n    at Function.mapValues (/Users/ekan/git/neerja/node_modules/lodash/lodash.js:13378:7)\n    at mapBlocs (/Users/ekan/git/neerja/node_modules/botpress/lib/webpack:/src/umm/engine.js:27:12)\n    at module.exports.module.exports (/Users/ekan/git/neerja/node_modules/botpress/lib/webpack:/src/umm/engine.js:180:10)\n    at parse (/Users/ekan/git/neerja/node_modules/botpress/lib/webpack:/src/umm/index.js:42:12)\n    at _callee3$ (/Users/ekan/git/neerja/node_modules/botpress/lib/webpack:/src/umm/index.js:177:17)\n    at tryCatch (/usr/local/lib/node_modules/botpress/node_modules/babel-polyfill/node_modules/regenerator-runtime/runtime.js:65:40)\n    at Generator.invoke [as _invoke] (/usr/local/lib/node_modules/botpress/node_modules/babel-polyfill/node_modules/regenerator-runtime/runtime.js:303:22)\n    at Generator.prototype.(anonymous function) [as next] (/usr/local/lib/node_modules/botpress/node_modules/babel-polyfill/node_modules/regenerator-runtime/runtime.js:117:21)\n    at step (/Users/ekan/git/neerja/node_modules/botpress/lib/node.bundle.js:4743:202)\n    at /Users/ekan/git/neerja/node_modules/botpress/lib/node.bundle.js:4743:383\n    at tryCatcher (/Users/ekan/git/neerja/node_modules/bluebird/js/release/util.js:16:23)\n    at Promise._settlePromiseFromHandler (/Users/ekan/git/neerja/node_modules/bluebird/js/release/promise.js:512:31)","timestamp":"2017-11-11T18:31:36.617Z"}
{"level":"info","message":"Starting botpress version 1.1.10","timestamp":"2017-11-11T18:32:33.048Z"}
{"level":"info","message":"Loaded botpress-analytics, version 2.2.4","timestamp":"2017-11-11T18:32:33.414Z"}
{"level":"verbose","message":"[UMM] Enabled for web","timestamp":"2017-11-11T18:32:33.417Z"}
{"level":"info","message":"Loaded botpress-web, version 1.2.3","timestamp":"2017-11-11T18:32:33.417Z"}
{"level":"info","message":"Loaded 2 modules","timestamp":"2017-11-11T18:32:33.417Z"}
{"level":"debug","message":"Loading middleware: analytics.outgoing","timestamp":"2017-11-11T18:32:33.444Z"}
{"level":"debug","message":"Loading middleware: UMM.instrumentation","timestamp":"2017-11-11T18:32:33.445Z"}
{"level":"debug","message":"Loading middleware: analytics.incoming","timestamp":"2017-11-11T18:32:33.445Z"}
{"level":"debug","message":"Loading middleware: hear","timestamp":"2017-11-11T18:32:33.445Z"}
{"level":"debug","message":"Loading middleware: conversations","timestamp":"2017-11-11T18:32:33.445Z"}
{"level":"debug","message":"Loading middleware: web.sendMessages","timestamp":"2017-11-11T18:32:33.446Z"}
{"level":"debug","message":"Loading middleware: fallback","timestamp":"2017-11-11T18:32:33.446Z"}
{"level":"info","message":"\u001b[32m\u001b[1mBot launched. Visit: http://localhost:3000\u001b[22m\u001b[39m","timestamp":"2017-11-11T18:32:33.530Z"}
{"level":"debug","message":"botpress-analytics: recompiling analytics","timestamp":"2017-11-11T18:36:03.658Z"}
{"level":"info","message":"Starting botpress version 1.1.10","timestamp":"2017-11-11T18:36:32.022Z"}
{"level":"info","message":"Loaded botpress-analytics, version 2.2.4","timestamp":"2017-11-11T18:36:32.440Z"}
{"level":"verbose","message":"[UMM] Enabled for web","timestamp":"2017-11-11T18:36:32.443Z"}
{"level":"info","message":"Loaded botpress-web, version 1.2.3","timestamp":"2017-11-11T18:36:32.444Z"}
{"level":"info","message":"Loaded 2 modules","timestamp":"2017-11-11T18:36:32.444Z"}
{"level":"debug","message":"Loading middleware: analytics.outgoing","timestamp":"2017-11-11T18:36:32.456Z"}
{"level":"debug","message":"Loading middleware: UMM.instrumentation","timestamp":"2017-11-11T18:36:32.456Z"}
{"level":"debug","message":"Loading middleware: analytics.incoming","timestamp":"2017-11-11T18:36:32.456Z"}
{"level":"debug","message":"Loading middleware: hear","timestamp":"2017-11-11T18:36:32.456Z"}
{"level":"debug","message":"Loading middleware: conversations","timestamp":"2017-11-11T18:36:32.456Z"}
{"level":"debug","message":"Loading middleware: web.sendMessages","timestamp":"2017-11-11T18:36:32.457Z"}
{"level":"debug","message":"Loading middleware: fallback","timestamp":"2017-11-11T18:36:32.457Z"}
{"level":"info","message":"\u001b[32m\u001b[1mBot launched. Visit: http://localhost:3000\u001b[22m\u001b[39m","timestamp":"2017-11-11T18:36:32.493Z"}
